mode: set
gophercises/html/parsing/link/parsing.go:19.36,21.14 2 1
gophercises/html/parsing/link/parsing.go:25.2,25.52 1 1
gophercises/html/parsing/link/parsing.go:36.2,36.14 1 1
gophercises/html/parsing/link/parsing.go:21.14,23.3 1 0
gophercises/html/parsing/link/parsing.go:25.52,26.16 1 1
gophercises/html/parsing/link/parsing.go:26.16,32.4 2 1
gophercises/html/parsing/link/parsing.go:32.9,34.4 1 1
gophercises/html/parsing/link/parsing.go:39.32,41.2 1 1
gophercises/html/parsing/link/parsing.go:45.41,47.14 2 1
gophercises/html/parsing/link/parsing.go:51.2,51.52 1 1
gophercises/html/parsing/link/parsing.go:57.2,57.11 1 1
gophercises/html/parsing/link/parsing.go:47.14,49.3 1 1
gophercises/html/parsing/link/parsing.go:51.52,52.68 1 1
gophercises/html/parsing/link/parsing.go:55.3,55.25 1 1
gophercises/html/parsing/link/parsing.go:52.68,54.4 1 1
gophercises/quiz/consoleRunner.go:15.46,17.16 2 0
gophercises/quiz/consoleRunner.go:20.2,22.16 3 0
gophercises/quiz/consoleRunner.go:17.16,19.3 1 0
gophercises/quiz/consoleRunner.go:25.32,26.35 1 0
gophercises/quiz/consoleRunner.go:26.35,30.21 4 0
gophercises/quiz/consoleRunner.go:30.21,32.4 1 0
gophercises/quiz/consoleRunner.go:36.58,37.35 1 0
gophercises/quiz/consoleRunner.go:37.35,41.13 3 0
gophercises/quiz/consoleRunner.go:47.3,47.10 1 0
gophercises/quiz/consoleRunner.go:41.13,45.4 3 0
gophercises/quiz/consoleRunner.go:48.18,50.10 2 0
gophercises/quiz/consoleRunner.go:51.31,52.14 1 0
gophercises/quiz/consoleRunner.go:52.14,54.5 1 0
gophercises/quiz/question.go:8.45,10.2 1 1
gophercises/quiz/question.go:12.35,14.2 1 1
gophercises/quiz/quiz.go:11.38,13.31 2 1
gophercises/quiz/quiz.go:17.2,17.10 1 1
gophercises/quiz/quiz.go:13.31,16.3 2 1
gophercises/quiz/quiz.go:20.34,23.2 1 1
gophercises/quiz/quiz.go:25.31,27.32 2 1
gophercises/quiz/quiz.go:30.2,30.15 1 1
gophercises/quiz/quiz.go:27.32,29.3 1 1
gophercises/sitemap/sitemap.go:18.41,20.31 1 1
gophercises/sitemap/sitemap.go:24.2,25.16 2 1
gophercises/sitemap/sitemap.go:30.2,32.25 2 1
gophercises/sitemap/sitemap.go:20.31,22.3 1 1
gophercises/sitemap/sitemap.go:25.16,28.3 2 0
gophercises/cyoa/adventure.go:40.79,43.2 2 0
gophercises/cyoa/adventure.go:47.37,49.6 2 0
gophercises/cyoa/adventure.go:49.6,53.26 3 0
gophercises/cyoa/adventure.go:57.3,59.57 3 0
gophercises/cyoa/adventure.go:53.26,55.4 1 0
gophercises/cyoa/adventure.go:59.57,61.4 1 0
gophercises/cyoa/adventure.go:61.9,63.4 1 0
